2015-07-30 23:31:01,715 [Worker-6] INFO  o.e.m.c.i.l.LifecycleMappingFactory - Using org.eclipse.m2e.jdt.JarLifecycleMapping lifecycle mapping for MavenProject: com.yitianyigexiangfa:JPA:0.1 @ E:\GithubResp20150614\ninja-zh-cn\SRC\JPA\pom.xml.
2015-07-30 23:31:02,583 [Worker-6] INFO  o.e.m.c.i.e.AbstractTransferListenerAdapter - Downloading http://repo.maven.apache.org/maven2/org/webjars/tinymce-jquery/4.0.16/tinymce-jquery-4.0.16.pom
2015-07-30 23:31:02,987 [Worker-6] INFO  o.e.m.c.i.e.AbstractTransferListenerAdapter - Downloaded http://repo.maven.apache.org/maven2/org/webjars/tinymce-jquery/4.0.16/tinymce-jquery-4.0.16.pom
2015-07-30 23:31:03,281 [Worker-6] INFO  o.e.m.c.i.e.AbstractTransferListenerAdapter - Downloading http://repo.maven.apache.org/maven2/org/ninjaframework/ninja-standalone/5.1.4/ninja-standalone-5.1.4.pom
2015-07-30 23:31:03,678 [Worker-6] INFO  o.e.m.c.i.e.AbstractTransferListenerAdapter - Downloaded http://repo.maven.apache.org/maven2/org/ninjaframework/ninja-standalone/5.1.4/ninja-standalone-5.1.4.pom
2015-07-30 23:31:03,897 [Worker-6] INFO  o.e.m.c.i.e.AbstractTransferListenerAdapter - Downloading http://repo.maven.apache.org/maven2/org/ninjaframework/ninja/5.1.4/ninja-5.1.4.pom
2015-07-30 23:31:04,506 [Worker-6] INFO  o.e.m.c.i.e.AbstractTransferListenerAdapter - Downloaded http://repo.maven.apache.org/maven2/org/ninjaframework/ninja/5.1.4/ninja-5.1.4.pom
2015-07-30 23:31:04,748 [Worker-6] INFO  o.e.m.c.i.e.AbstractTransferListenerAdapter - Downloading http://repo.maven.apache.org/maven2/org/ninjaframework/ninja-servlet/5.1.4/ninja-servlet-5.1.4.pom
2015-07-30 23:31:05,141 [Worker-6] INFO  o.e.m.c.i.e.AbstractTransferListenerAdapter - Downloaded http://repo.maven.apache.org/maven2/org/ninjaframework/ninja-servlet/5.1.4/ninja-servlet-5.1.4.pom
2015-07-30 23:31:05,365 [Worker-6] INFO  o.e.m.c.i.e.AbstractTransferListenerAdapter - Downloading http://repo.maven.apache.org/maven2/org/ninjaframework/ninja-core/5.1.4/ninja-core-5.1.4.pom
2015-07-30 23:31:05,800 [Worker-6] INFO  o.e.m.c.i.e.AbstractTransferListenerAdapter - Downloaded http://repo.maven.apache.org/maven2/org/ninjaframework/ninja-core/5.1.4/ninja-core-5.1.4.pom
2015-07-30 23:31:07,031 [Worker-6] INFO  o.e.m.c.i.e.AbstractTransferListenerAdapter - Downloading http://repo.maven.apache.org/maven2/org/flywaydb/flyway-core/3.2.1/flyway-core-3.2.1.pom
2015-07-30 23:31:07,713 [Worker-6] INFO  o.e.m.c.i.e.AbstractTransferListenerAdapter - Downloaded http://repo.maven.apache.org/maven2/org/flywaydb/flyway-core/3.2.1/flyway-core-3.2.1.pom
2015-07-30 23:31:07,925 [Worker-6] INFO  o.e.m.c.i.e.AbstractTransferListenerAdapter - Downloading http://repo.maven.apache.org/maven2/org/flywaydb/flyway-parent/3.2.1/flyway-parent-3.2.1.pom
2015-07-30 23:31:09,267 [Worker-6] INFO  o.e.m.c.i.e.AbstractTransferListenerAdapter - Downloaded http://repo.maven.apache.org/maven2/org/flywaydb/flyway-parent/3.2.1/flyway-parent-3.2.1.pom
2015-07-30 23:31:09,867 [Worker-6] INFO  o.e.m.c.i.e.AbstractTransferListenerAdapter - Downloading http://repo.maven.apache.org/maven2/org/ninjaframework/ninja-test-utilities/5.1.4/ninja-test-utilities-5.1.4.pom
2015-07-30 23:31:10,346 [Worker-6] INFO  o.e.m.c.i.e.AbstractTransferListenerAdapter - Downloaded http://repo.maven.apache.org/maven2/org/ninjaframework/ninja-test-utilities/5.1.4/ninja-test-utilities-5.1.4.pom
2015-07-30 23:31:12,136 [Worker-6] INFO  o.e.m.c.i.e.AbstractTransferListenerAdapter - Downloading http://repo.maven.apache.org/maven2/org/webjars/tinymce-jquery/4.0.16/tinymce-jquery-4.0.16.jar
2015-07-30 23:31:20,190 [Worker-6] INFO  o.e.m.c.i.e.AbstractTransferListenerAdapter - Downloaded http://repo.maven.apache.org/maven2/org/webjars/tinymce-jquery/4.0.16/tinymce-jquery-4.0.16.jar
2015-07-30 23:31:20,380 [Worker-6] INFO  o.e.m.c.i.e.AbstractTransferListenerAdapter - Downloading http://repo.maven.apache.org/maven2/org/ninjaframework/ninja-standalone/5.1.4/ninja-standalone-5.1.4.jar
2015-07-30 23:31:20,921 [Worker-6] INFO  o.e.m.c.i.e.AbstractTransferListenerAdapter - Downloaded http://repo.maven.apache.org/maven2/org/ninjaframework/ninja-standalone/5.1.4/ninja-standalone-5.1.4.jar
2015-07-30 23:31:21,114 [Worker-6] INFO  o.e.m.c.i.e.AbstractTransferListenerAdapter - Downloading http://repo.maven.apache.org/maven2/org/ninjaframework/ninja-servlet/5.1.4/ninja-servlet-5.1.4.jar
2015-07-30 23:31:21,949 [Worker-6] INFO  o.e.m.c.i.e.AbstractTransferListenerAdapter - Downloaded http://repo.maven.apache.org/maven2/org/ninjaframework/ninja-servlet/5.1.4/ninja-servlet-5.1.4.jar
2015-07-30 23:31:22,135 [Worker-6] INFO  o.e.m.c.i.e.AbstractTransferListenerAdapter - Downloading http://repo.maven.apache.org/maven2/org/ninjaframework/ninja-test-utilities/5.1.4/ninja-test-utilities-5.1.4.jar
2015-07-30 23:31:22,721 [Worker-6] INFO  o.e.m.c.i.e.AbstractTransferListenerAdapter - Downloaded http://repo.maven.apache.org/maven2/org/ninjaframework/ninja-test-utilities/5.1.4/ninja-test-utilities-5.1.4.jar
2015-07-30 23:31:22,916 [Worker-6] INFO  o.e.m.c.i.e.AbstractTransferListenerAdapter - Downloading http://repo.maven.apache.org/maven2/org/ninjaframework/ninja-core/5.1.4/ninja-core-5.1.4.jar
2015-07-30 23:31:30,834 [Worker-6] INFO  o.e.m.c.i.e.AbstractTransferListenerAdapter - Downloaded http://repo.maven.apache.org/maven2/org/ninjaframework/ninja-core/5.1.4/ninja-core-5.1.4.jar
2015-07-30 23:31:31,022 [Worker-6] INFO  o.e.m.c.i.e.AbstractTransferListenerAdapter - Downloading http://repo.maven.apache.org/maven2/org/flywaydb/flyway-core/3.2.1/flyway-core-3.2.1.jar
2015-07-30 23:31:38,647 [Worker-6] INFO  o.e.m.c.i.e.AbstractTransferListenerAdapter - Downloaded http://repo.maven.apache.org/maven2/org/flywaydb/flyway-core/3.2.1/flyway-core-3.2.1.jar
2015-07-30 23:31:38,840 [Worker-6] INFO  o.e.m.c.i.e.AbstractTransferListenerAdapter - Downloading http://repo.maven.apache.org/maven2/junit/junit/4.11/junit-4.11.jar
2015-07-30 23:31:44,961 [Worker-6] INFO  o.e.m.c.i.e.AbstractTransferListenerAdapter - Downloaded http://repo.maven.apache.org/maven2/junit/junit/4.11/junit-4.11.jar
2015-07-30 23:31:45,801 [Worker-6] WARN  o.e.m.c.i.embedder.EclipseLogger - Failed to dispatch repository event to org.eclipse.m2e.core.internal.embedder.EclipseRepositoryListener: null
2015-07-30 23:31:47,359 [Worker-6] INFO  o.e.m.j.i.AbstractJavaProjectConfigurator - Adding source folder /JPA/src/main/java
2015-07-30 23:31:47,360 [Worker-6] INFO  o.e.m.j.i.AbstractJavaProjectConfigurator - Resources folder /JPA/src/main/java overlaps with sources folder /JPA/src/main/java
2015-07-30 23:31:47,366 [Worker-6] INFO  o.e.m.j.i.AbstractJavaProjectConfigurator - Adding source folder /JPA/src/test/java
2015-07-30 23:31:47,366 [Worker-6] INFO  o.e.m.j.i.AbstractJavaProjectConfigurator - Adding resource folder /JPA/src/test/resources
2015-07-30 23:31:48,025 [Worker-5] INFO  o.e.m.c.i.l.LifecycleMappingFactory - Using org.eclipse.m2e.jdt.JarLifecycleMapping lifecycle mapping for MavenProject: com.yitianyigexiangfa:JPA:0.1 @ E:\GithubResp20150614\ninja-zh-cn\SRC\JPA\pom.xml.
2015-07-30 23:31:52,951 [Worker-6] INFO  o.e.m.c.i.p.ProjectConfigurationManager - Imported and configured 1 project(s) in 55 sec
2015-07-30 23:32:00,186 [Worker-5] INFO  o.e.m.c.i.l.LifecycleMappingFactory - Using org.eclipse.m2e.jdt.JarLifecycleMapping lifecycle mapping for MavenProject: com.yitianyigexiangfa:JPA:0.1 @ E:\GithubResp20150614\ninja-zh-cn\SRC\JPA\pom.xml.
2015-07-30 23:32:04,089 [Worker-5] WARN  o.e.m.c.i.embedder.EclipseLogger - Using platform encoding (GBK actually) to copy filtered resources, i.e. build is platform dependent!
2015-07-30 23:32:04,127 [Worker-5] INFO  o.e.m.c.i.embedder.EclipseLogger - Copying 20 resources
2015-07-30 23:32:04,186 [Worker-5] INFO  o.e.m.c.i.embedder.EclipseLogger - skip non existing resourceDirectory E:\GithubResp20150614\ninja-zh-cn\SRC\JPA\src\main\resources
2015-07-30 23:32:04,189 [Worker-5] WARN  o.e.m.c.i.embedder.EclipseLogger - Using platform encoding (GBK actually) to copy filtered resources, i.e. build is platform dependent!
2015-07-30 23:32:04,190 [Worker-5] INFO  o.e.m.c.i.embedder.EclipseLogger - Copying 1 resource
2015-07-30 23:32:37,217 [Worker-3] INFO  o.e.m.c.i.p.ProjectConfigurationManager - Update started
2015-07-30 23:32:37,350 [Worker-3] INFO  o.e.m.c.i.l.LifecycleMappingFactory - Using org.eclipse.m2e.jdt.JarLifecycleMapping lifecycle mapping for MavenProject: com.yitianyigexiangfa:JPA:0.1 @ E:\GithubResp20150614\ninja-zh-cn\SRC\JPA\pom.xml.
2015-07-30 23:32:38,996 [Worker-3] INFO  o.e.m.j.i.AbstractJavaProjectConfigurator - Adding source folder /JPA/src/main/java
2015-07-30 23:32:38,996 [Worker-3] INFO  o.e.m.j.i.AbstractJavaProjectConfigurator - Resources folder /JPA/src/main/java overlaps with sources folder /JPA/src/main/java
2015-07-30 23:32:39,000 [Worker-3] INFO  o.e.m.j.i.AbstractJavaProjectConfigurator - Adding source folder /JPA/src/test/java
2015-07-30 23:32:39,000 [Worker-3] INFO  o.e.m.j.i.AbstractJavaProjectConfigurator - Adding resource folder /JPA/src/test/resources
2015-07-30 23:32:39,625 [Worker-3] INFO  o.e.m.c.i.l.LifecycleMappingFactory - Using org.eclipse.m2e.jdt.JarLifecycleMapping lifecycle mapping for MavenProject: com.yitianyigexiangfa:JPA:0.1 @ E:\GithubResp20150614\ninja-zh-cn\SRC\JPA\pom.xml.
2015-07-30 23:32:40,284 [Worker-3] INFO  o.e.m.c.i.p.ProjectConfigurationManager - Update completed: 3 sec
2015-07-30 23:32:43,203 [Worker-6] WARN  o.e.m.c.i.embedder.EclipseLogger - Using platform encoding (GBK actually) to copy filtered resources, i.e. build is platform dependent!
2015-07-30 23:32:43,208 [Worker-6] INFO  o.e.m.c.i.embedder.EclipseLogger - Copying 20 resources
2015-07-30 23:32:43,268 [Worker-6] INFO  o.e.m.c.i.embedder.EclipseLogger - skip non existing resourceDirectory E:\GithubResp20150614\ninja-zh-cn\SRC\JPA\src\main\resources
2015-07-30 23:32:43,270 [Worker-6] WARN  o.e.m.c.i.embedder.EclipseLogger - Using platform encoding (GBK actually) to copy filtered resources, i.e. build is platform dependent!
2015-07-30 23:32:43,271 [Worker-6] INFO  o.e.m.c.i.embedder.EclipseLogger - Copying 1 resource
